build/app/intermediates/manifest_merge_blame_file/debug/manifest-merger-blame-debug-report.txt
1<?xml version="1.0" encoding="utf-8"?>
2<manifest xmlns:android="http://schemas.android.com/apk/res/android"
3    package="com.nerdvpn.vpn"
4    android:versionCode="1"
5    android:versionName="1.0.0" >
6
7    <uses-sdk
8        android:minSdkVersion="21"
8-->src\main\AndroidManifest.xml
9        android:targetSdkVersion="33" />
9-->src\main\AndroidManifest.xml
10
11    <uses-permission android:name="android.permission.INTERNET" />
11-->src\main\AndroidManifest.xml:3:5-66
11-->src\main\AndroidManifest.xml:3:22-64
12    <uses-permission android:name="android.permission.ACCESS_NETWORK_STATE" />
12-->src\main\AndroidManifest.xml:4:5-78
12-->src\main\AndroidManifest.xml:4:22-76
13    <uses-permission android:name="android.permission.ACCESS_WIFI_STATE" />
13-->src\main\AndroidManifest.xml:5:5-75
13-->src\main\AndroidManifest.xml:5:22-73
14    <uses-permission android:name="android.permission.FOREGROUND_SERVICE" />
14-->src\main\AndroidManifest.xml:6:5-77
14-->src\main\AndroidManifest.xml:6:22-74
15    <uses-permission android:name="android.permission.WAKE_LOCK" />
15-->src\main\AndroidManifest.xml:7:5-68
15-->src\main\AndroidManifest.xml:7:22-65
16    <uses-permission android:name="com.android.vending.BILLING" />
16-->src\main\AndroidManifest.xml:8:5-67
16-->src\main\AndroidManifest.xml:8:22-64
17    <uses-permission android:name="com.google.android.gms.permission.AD_ID" />
17-->src\main\AndroidManifest.xml:9:5-78
17-->src\main\AndroidManifest.xml:9:22-76
18    <!-- Android package visibility setting -->
19    <queries>
19-->[com.google.android.gms:play-services-ads-lite:21.3.0] AndroidManifest.xml:28:5-44:15
20
21        <!-- For browser content -->
22        <intent>
22-->[com.google.android.gms:play-services-ads-lite:21.3.0] AndroidManifest.xml:31:9-37:18
23            <action android:name="android.intent.action.VIEW" />
23-->[com.google.android.gms:play-services-ads-lite:21.3.0] AndroidManifest.xml:32:13-65
23-->[com.google.android.gms:play-services-ads-lite:21.3.0] AndroidManifest.xml:32:21-62
24
25            <category android:name="android.intent.category.BROWSABLE" />
25-->[com.google.android.gms:play-services-ads-lite:21.3.0] AndroidManifest.xml:34:13-74
25-->[com.google.android.gms:play-services-ads-lite:21.3.0] AndroidManifest.xml:34:23-71
26
27            <data android:scheme="https" />
27-->[com.google.android.gms:play-services-ads-lite:21.3.0] AndroidManifest.xml:36:13-44
27-->[com.google.android.gms:play-services-ads-lite:21.3.0] AndroidManifest.xml:36:19-41
28        </intent>
29        <!-- End of browser content -->
30        <!-- For CustomTabsService -->
31        <intent>
31-->[com.google.android.gms:play-services-ads-lite:21.3.0] AndroidManifest.xml:40:9-42:18
32            <action android:name="android.support.customtabs.action.CustomTabsService" />
32-->[com.google.android.gms:play-services-ads-lite:21.3.0] AndroidManifest.xml:41:13-90
32-->[com.google.android.gms:play-services-ads-lite:21.3.0] AndroidManifest.xml:41:21-87
33        </intent>
34        <!-- End of CustomTabsService -->
35        <intent>
35-->[com.android.billingclient:billing:5.1.0] AndroidManifest.xml:17:9-19:18
36            <action android:name="com.android.vending.billing.InAppBillingService.BIND" />
36-->[com.android.billingclient:billing:5.1.0] AndroidManifest.xml:18:13-91
36-->[com.android.billingclient:billing:5.1.0] AndroidManifest.xml:18:21-88
37        </intent>
38    </queries>
39
40    <uses-permission android:name="com.google.android.finsky.permission.BIND_GET_INSTALL_REFERRER_SERVICE" />
40-->[com.google.android.gms:play-services-measurement:21.2.0] AndroidManifest.xml:26:5-110
40-->[com.google.android.gms:play-services-measurement:21.2.0] AndroidManifest.xml:26:22-107
41    <uses-permission android:name="android.permission.RECEIVE_BOOT_COMPLETED" />
41-->[androidx.work:work-runtime:2.7.0] AndroidManifest.xml:27:5-81
41-->[androidx.work:work-runtime:2.7.0] AndroidManifest.xml:27:22-78
42
43    <application
43-->src\main\AndroidManifest.xml:11:5-26:19
44        android:name="com.nerdvpn.vpn.Application"
44-->src\main\AndroidManifest.xml:11:43-70
45        android:appComponentFactory="androidx.core.app.CoreComponentFactory"
45-->[androidx.core:core:1.7.0] AndroidManifest.xml:24:18-86
46        android:debuggable="true"
47        android:icon="@mipmap/launcher_icon"
47-->src\main\AndroidManifest.xml:11:71-107
48        android:label="Nerd VPN" >
48-->src\main\AndroidManifest.xml:11:18-42
49
50        <!-- Change your Admob Application ID Here -->
51        <meta-data
51-->src\main\AndroidManifest.xml:14:9-133
52            android:name="com.google.android.gms.ads.APPLICATION_ID"
52-->src\main\AndroidManifest.xml:14:20-76
53            android:value="ca-app-pub-3940256099942544~3347511713" />
53-->src\main\AndroidManifest.xml:14:77-131
54
55        <activity
55-->src\main\AndroidManifest.xml:16:9-23:20
56            android:name="com.nerdvpn.vpn.MainActivity"
56-->src\main\AndroidManifest.xml:16:19-62
57            android:configChanges="orientation|keyboardHidden|keyboard|screenSize|smallestScreenSize|locale|layoutDirection|fontScale|screenLayout|density|uiMode"
57-->src\main\AndroidManifest.xml:16:153-303
58            android:exported="true"
58-->src\main\AndroidManifest.xml:16:63-86
59            android:hardwareAccelerated="true"
59-->src\main\AndroidManifest.xml:16:304-338
60            android:launchMode="singleTop"
60-->src\main\AndroidManifest.xml:16:87-117
61            android:theme="@style/LaunchTheme"
61-->src\main\AndroidManifest.xml:16:118-152
62            android:windowSoftInputMode="adjustResize" >
62-->src\main\AndroidManifest.xml:16:339-381
63            <meta-data
63-->src\main\AndroidManifest.xml:17:13-119
64                android:name="io.flutter.embedding.android.NormalTheme"
64-->src\main\AndroidManifest.xml:17:24-79
65                android:resource="@style/NormalTheme" />
65-->src\main\AndroidManifest.xml:17:80-117
66
67            <intent-filter>
67-->src\main\AndroidManifest.xml:19:13-22:29
68                <action android:name="android.intent.action.MAIN" />
68-->src\main\AndroidManifest.xml:20:17-68
68-->src\main\AndroidManifest.xml:20:25-66
69
70                <category android:name="android.intent.category.LAUNCHER" />
70-->src\main\AndroidManifest.xml:21:17-76
70-->src\main\AndroidManifest.xml:21:27-74
71            </intent-filter>
72        </activity>
73
74        <meta-data
74-->src\main\AndroidManifest.xml:24:9-72
75            android:name="flutterEmbedding"
75-->src\main\AndroidManifest.xml:24:20-51
76            android:value="2" />
76-->src\main\AndroidManifest.xml:24:52-69
77
78        <service
78-->[:firebase_crashlytics] AndroidManifest.xml:10:9-14:19
79            android:name="com.google.firebase.components.ComponentDiscoveryService"
79-->[:firebase_crashlytics] AndroidManifest.xml:10:18-89
80            android:directBootAware="true"
80-->[com.google.firebase:firebase-common:20.2.0] AndroidManifest.xml:34:13-43
81            android:exported="false" >
81-->[com.google.firebase:firebase-crashlytics:18.3.2] AndroidManifest.xml:16:13-37
82            <meta-data
82-->[:firebase_crashlytics] AndroidManifest.xml:11:13-13:85
83                android:name="com.google.firebase.components:io.flutter.plugins.firebase.crashlytics.FlutterFirebaseAppRegistrar"
83-->[:firebase_crashlytics] AndroidManifest.xml:12:17-130
84                android:value="com.google.firebase.components.ComponentRegistrar" />
84-->[:firebase_crashlytics] AndroidManifest.xml:13:17-82
85            <meta-data
85-->[:firebase_analytics] AndroidManifest.xml:15:13-17:85
86                android:name="com.google.firebase.components:io.flutter.plugins.firebase.analytics.FlutterFirebaseAppRegistrar"
86-->[:firebase_analytics] AndroidManifest.xml:16:17-128
87                android:value="com.google.firebase.components.ComponentRegistrar" />
87-->[:firebase_analytics] AndroidManifest.xml:17:17-82
88            <meta-data
88-->[:firebase_core] AndroidManifest.xml:11:13-13:85
89                android:name="com.google.firebase.components:io.flutter.plugins.firebase.core.FlutterFirebaseCoreRegistrar"
89-->[:firebase_core] AndroidManifest.xml:12:17-124
90                android:value="com.google.firebase.components.ComponentRegistrar" />
90-->[:firebase_core] AndroidManifest.xml:13:17-82
91            <meta-data
91-->[com.google.firebase:firebase-crashlytics:18.3.2] AndroidManifest.xml:17:13-19:85
92                android:name="com.google.firebase.components:com.google.firebase.crashlytics.CrashlyticsRegistrar"
92-->[com.google.firebase:firebase-crashlytics:18.3.2] AndroidManifest.xml:18:17-115
93                android:value="com.google.firebase.components.ComponentRegistrar" />
93-->[com.google.firebase:firebase-crashlytics:18.3.2] AndroidManifest.xml:19:17-82
94            <meta-data
94-->[com.google.android.gms:play-services-measurement-api:21.2.0] AndroidManifest.xml:31:13-33:85
95                android:name="com.google.firebase.components:com.google.firebase.analytics.connector.internal.AnalyticsConnectorRegistrar"
95-->[com.google.android.gms:play-services-measurement-api:21.2.0] AndroidManifest.xml:32:17-139
96                android:value="com.google.firebase.components.ComponentRegistrar" />
96-->[com.google.android.gms:play-services-measurement-api:21.2.0] AndroidManifest.xml:33:17-82
97            <meta-data
97-->[com.google.firebase:firebase-installations:17.1.0] AndroidManifest.xml:17:13-19:85
98                android:name="com.google.firebase.components:com.google.firebase.installations.FirebaseInstallationsRegistrar"
98-->[com.google.firebase:firebase-installations:17.1.0] AndroidManifest.xml:18:17-127
99                android:value="com.google.firebase.components.ComponentRegistrar" />
99-->[com.google.firebase:firebase-installations:17.1.0] AndroidManifest.xml:19:17-82
100        </service>
101
102        <activity
102-->[:url_launcher_android] AndroidManifest.xml:10:9-13:74
103            android:name="io.flutter.plugins.urllauncher.WebViewActivity"
103-->[:url_launcher_android] AndroidManifest.xml:11:13-74
104            android:exported="false"
104-->[:url_launcher_android] AndroidManifest.xml:12:13-37
105            android:theme="@android:style/Theme.NoTitleBar.Fullscreen" />
105-->[:url_launcher_android] AndroidManifest.xml:13:13-71
106
107        <meta-data
107-->[:google_mobile_ads] AndroidManifest.xml:12:9-14:36
108            android:name="io.flutter.embedded_views_preview"
108-->[:google_mobile_ads] AndroidManifest.xml:13:13-61
109            android:value="true" />
109-->[:google_mobile_ads] AndroidManifest.xml:14:13-33
110
111        <uses-library
111-->[androidx.window:window:1.0.0-beta04] AndroidManifest.xml:25:9-27:40
112            android:name="androidx.window.extensions"
112-->[androidx.window:window:1.0.0-beta04] AndroidManifest.xml:26:13-54
113            android:required="false" />
113-->[androidx.window:window:1.0.0-beta04] AndroidManifest.xml:27:13-37
114        <uses-library
114-->[androidx.window:window:1.0.0-beta04] AndroidManifest.xml:28:9-30:40
115            android:name="androidx.window.sidecar"
115-->[androidx.window:window:1.0.0-beta04] AndroidManifest.xml:29:13-51
116            android:required="false" />
116-->[androidx.window:window:1.0.0-beta04] AndroidManifest.xml:30:13-37
117
118        <provider
118-->[com.google.firebase:firebase-common:20.2.0] AndroidManifest.xml:25:9-30:39
119            android:name="com.google.firebase.provider.FirebaseInitProvider"
119-->[com.google.firebase:firebase-common:20.2.0] AndroidManifest.xml:26:13-77
120            android:authorities="com.nerdvpn.vpn.firebaseinitprovider"
120-->[com.google.firebase:firebase-common:20.2.0] AndroidManifest.xml:27:13-72
121            android:directBootAware="true"
121-->[com.google.firebase:firebase-common:20.2.0] AndroidManifest.xml:28:13-43
122            android:exported="false"
122-->[com.google.firebase:firebase-common:20.2.0] AndroidManifest.xml:29:13-37
123            android:initOrder="100" />
123-->[com.google.firebase:firebase-common:20.2.0] AndroidManifest.xml:30:13-36
124
125        <activity
125-->[com.github.nizwar:openvpn_library:5f06771b85] AndroidManifest.xml:17:9-20:45
126            android:name="de.blinkt.openvpn.VPNHelper"
126-->[com.github.nizwar:openvpn_library:5f06771b85] AndroidManifest.xml:18:13-55
127            android:exported="true" /> <!-- Begin Activity by ics-openvpn -->
127-->[com.github.nizwar:openvpn_library:5f06771b85] AndroidManifest.xml:19:13-36
128        <service
128-->[com.github.nizwar:openvpn_library:5f06771b85] AndroidManifest.xml:22:9-29:19
129            android:name="de.blinkt.openvpn.core.OpenVPNService"
129-->[com.github.nizwar:openvpn_library:5f06771b85] AndroidManifest.xml:23:13-65
130            android:exported="true"
130-->[com.github.nizwar:openvpn_library:5f06771b85] AndroidManifest.xml:24:13-36
131            android:permission="android.permission.BIND_VPN_SERVICE" >
131-->[com.github.nizwar:openvpn_library:5f06771b85] AndroidManifest.xml:25:13-69
132            <intent-filter>
132-->[com.github.nizwar:openvpn_library:5f06771b85] AndroidManifest.xml:26:13-28:29
133                <action android:name="android.net.VpnService" />
133-->[com.github.nizwar:openvpn_library:5f06771b85] AndroidManifest.xml:27:17-65
133-->[com.github.nizwar:openvpn_library:5f06771b85] AndroidManifest.xml:27:25-62
134            </intent-filter>
135        </service>
136
137        <activity
137-->[com.github.nizwar:openvpn_library:5f06771b85] AndroidManifest.xml:31:9-42:20
138            android:name="de.blinkt.openvpn.LaunchVPN"
138-->[com.github.nizwar:openvpn_library:5f06771b85] AndroidManifest.xml:32:13-55
139            android:excludeFromRecents="true"
139-->[com.github.nizwar:openvpn_library:5f06771b85] AndroidManifest.xml:33:13-46
140            android:exported="true"
140-->[com.github.nizwar:openvpn_library:5f06771b85] AndroidManifest.xml:34:13-36
141            android:label="@string/vpn_launch_title"
141-->[com.github.nizwar:openvpn_library:5f06771b85] AndroidManifest.xml:35:13-53
142            android:theme="@android:style/Theme.DeviceDefault.Light.Panel" >
142-->[com.github.nizwar:openvpn_library:5f06771b85] AndroidManifest.xml:36:13-75
143            <intent-filter>
143-->[com.github.nizwar:openvpn_library:5f06771b85] AndroidManifest.xml:37:13-41:29
144                <action android:name="android.intent.action.MAIN" />
144-->src\main\AndroidManifest.xml:20:17-68
144-->src\main\AndroidManifest.xml:20:25-66
145
146                <category android:name="android.intent.category.DEFAULT" />
146-->[com.github.nizwar:openvpn_library:5f06771b85] AndroidManifest.xml:40:17-76
146-->[com.github.nizwar:openvpn_library:5f06771b85] AndroidManifest.xml:40:27-73
147            </intent-filter>
148        </activity>
149        <activity
149-->[com.github.nizwar:openvpn_library:5f06771b85] AndroidManifest.xml:43:9-49:52
150            android:name="de.blinkt.openvpn.DisconnectVPNActivity"
150-->[com.github.nizwar:openvpn_library:5f06771b85] AndroidManifest.xml:44:13-67
151            android:excludeFromRecents="true"
151-->[com.github.nizwar:openvpn_library:5f06771b85] AndroidManifest.xml:45:13-46
152            android:exported="true"
152-->[com.github.nizwar:openvpn_library:5f06771b85] AndroidManifest.xml:46:13-36
153            android:noHistory="true"
153-->[com.github.nizwar:openvpn_library:5f06771b85] AndroidManifest.xml:47:13-37
154            android:taskAffinity=".DisconnectVPN"
154-->[com.github.nizwar:openvpn_library:5f06771b85] AndroidManifest.xml:48:13-50
155            android:theme="@style/blinkt.dialog" />
155-->[com.github.nizwar:openvpn_library:5f06771b85] AndroidManifest.xml:49:13-49
156        <activity
156-->[com.google.android.gms:play-services-base:18.0.0] AndroidManifest.xml:20:9-22:45
157            android:name="com.google.android.gms.common.api.GoogleApiActivity"
157-->[com.google.android.gms:play-services-base:18.0.0] AndroidManifest.xml:20:19-85
158            android:exported="false"
158-->[com.google.android.gms:play-services-base:18.0.0] AndroidManifest.xml:22:19-43
159            android:theme="@android:style/Theme.Translucent.NoTitleBar" /> <!-- Include the AdActivity and InAppPurchaseActivity configChanges and themes. -->
159-->[com.google.android.gms:play-services-base:18.0.0] AndroidManifest.xml:21:19-78
160        <activity
160-->[com.google.android.gms:play-services-ads-lite:21.3.0] AndroidManifest.xml:49:9-53:64
161            android:name="com.google.android.gms.ads.AdActivity"
161-->[com.google.android.gms:play-services-ads-lite:21.3.0] AndroidManifest.xml:50:13-65
162            android:configChanges="keyboard|keyboardHidden|orientation|screenLayout|uiMode|screenSize|smallestScreenSize"
162-->[com.google.android.gms:play-services-ads-lite:21.3.0] AndroidManifest.xml:51:13-122
163            android:exported="false"
163-->[com.google.android.gms:play-services-ads-lite:21.3.0] AndroidManifest.xml:52:13-37
164            android:theme="@android:style/Theme.Translucent" />
164-->[com.google.android.gms:play-services-ads-lite:21.3.0] AndroidManifest.xml:53:13-61
165
166        <provider
166-->[com.google.android.gms:play-services-ads-lite:21.3.0] AndroidManifest.xml:55:9-59:39
167            android:name="com.google.android.gms.ads.MobileAdsInitProvider"
167-->[com.google.android.gms:play-services-ads-lite:21.3.0] AndroidManifest.xml:56:13-76
168            android:authorities="com.nerdvpn.vpn.mobileadsinitprovider"
168-->[com.google.android.gms:play-services-ads-lite:21.3.0] AndroidManifest.xml:57:13-73
169            android:exported="false"
169-->[com.google.android.gms:play-services-ads-lite:21.3.0] AndroidManifest.xml:58:13-37
170            android:initOrder="100" />
170-->[com.google.android.gms:play-services-ads-lite:21.3.0] AndroidManifest.xml:59:13-36
171
172        <service
172-->[com.google.android.gms:play-services-ads-lite:21.3.0] AndroidManifest.xml:61:9-64:40
173            android:name="com.google.android.gms.ads.AdService"
173-->[com.google.android.gms:play-services-ads-lite:21.3.0] AndroidManifest.xml:62:13-64
174            android:enabled="true"
174-->[com.google.android.gms:play-services-ads-lite:21.3.0] AndroidManifest.xml:63:13-35
175            android:exported="false" />
175-->[com.google.android.gms:play-services-ads-lite:21.3.0] AndroidManifest.xml:64:13-37
176
177        <receiver
177-->[com.google.android.gms:play-services-measurement:21.2.0] AndroidManifest.xml:29:9-33:20
178            android:name="com.google.android.gms.measurement.AppMeasurementReceiver"
178-->[com.google.android.gms:play-services-measurement:21.2.0] AndroidManifest.xml:30:13-85
179            android:enabled="true"
179-->[com.google.android.gms:play-services-measurement:21.2.0] AndroidManifest.xml:31:13-35
180            android:exported="false" >
180-->[com.google.android.gms:play-services-measurement:21.2.0] AndroidManifest.xml:32:13-37
181        </receiver>
182
183        <service
183-->[com.google.android.gms:play-services-measurement:21.2.0] AndroidManifest.xml:35:9-38:40
184            android:name="com.google.android.gms.measurement.AppMeasurementService"
184-->[com.google.android.gms:play-services-measurement:21.2.0] AndroidManifest.xml:36:13-84
185            android:enabled="true"
185-->[com.google.android.gms:play-services-measurement:21.2.0] AndroidManifest.xml:37:13-35
186            android:exported="false" />
186-->[com.google.android.gms:play-services-measurement:21.2.0] AndroidManifest.xml:38:13-37
187        <service
187-->[com.google.android.gms:play-services-measurement:21.2.0] AndroidManifest.xml:39:9-43:72
188            android:name="com.google.android.gms.measurement.AppMeasurementJobService"
188-->[com.google.android.gms:play-services-measurement:21.2.0] AndroidManifest.xml:40:13-87
189            android:enabled="true"
189-->[com.google.android.gms:play-services-measurement:21.2.0] AndroidManifest.xml:41:13-35
190            android:exported="false"
190-->[com.google.android.gms:play-services-measurement:21.2.0] AndroidManifest.xml:42:13-37
191            android:permission="android.permission.BIND_JOB_SERVICE" />
191-->[com.google.android.gms:play-services-measurement:21.2.0] AndroidManifest.xml:43:13-69
192
193        <meta-data
193-->[com.google.android.gms:play-services-basement:18.1.0] AndroidManifest.xml:21:9-23:69
194            android:name="com.google.android.gms.version"
194-->[com.google.android.gms:play-services-basement:18.1.0] AndroidManifest.xml:22:13-58
195            android:value="@integer/google_play_services_version" />
195-->[com.google.android.gms:play-services-basement:18.1.0] AndroidManifest.xml:23:13-66
196
197        <provider
197-->[androidx.emoji2:emoji2:1.0.0] AndroidManifest.xml:26:9-34:20
198            android:name="androidx.startup.InitializationProvider"
198-->[androidx.emoji2:emoji2:1.0.0] AndroidManifest.xml:27:13-67
199            android:authorities="com.nerdvpn.vpn.androidx-startup"
199-->[androidx.emoji2:emoji2:1.0.0] AndroidManifest.xml:28:13-68
200            android:exported="false" >
200-->[androidx.emoji2:emoji2:1.0.0] AndroidManifest.xml:29:13-37
201            <meta-data
201-->[androidx.emoji2:emoji2:1.0.0] AndroidManifest.xml:31:13-33:52
202                android:name="androidx.emoji2.text.EmojiCompatInitializer"
202-->[androidx.emoji2:emoji2:1.0.0] AndroidManifest.xml:32:17-75
203                android:value="androidx.startup" />
203-->[androidx.emoji2:emoji2:1.0.0] AndroidManifest.xml:33:17-49
204            <meta-data
204-->[androidx.work:work-runtime:2.7.0] AndroidManifest.xml:36:13-38:52
205                android:name="androidx.work.WorkManagerInitializer"
205-->[androidx.work:work-runtime:2.7.0] AndroidManifest.xml:37:17-68
206                android:value="androidx.startup" />
206-->[androidx.work:work-runtime:2.7.0] AndroidManifest.xml:38:17-49
207            <meta-data
207-->[androidx.lifecycle:lifecycle-process:2.4.0] AndroidManifest.xml:31:13-33:52
208                android:name="androidx.lifecycle.ProcessLifecycleInitializer"
208-->[androidx.lifecycle:lifecycle-process:2.4.0] AndroidManifest.xml:32:17-78
209                android:value="androidx.startup" />
209-->[androidx.lifecycle:lifecycle-process:2.4.0] AndroidManifest.xml:33:17-49
210        </provider>
211
212        <service
212-->[androidx.work:work-runtime:2.7.0] AndroidManifest.xml:41:9-46:35
213            android:name="androidx.work.impl.background.systemalarm.SystemAlarmService"
213-->[androidx.work:work-runtime:2.7.0] AndroidManifest.xml:42:13-88
214            android:directBootAware="false"
214-->[androidx.work:work-runtime:2.7.0] AndroidManifest.xml:43:13-44
215            android:enabled="@bool/enable_system_alarm_service_default"
215-->[androidx.work:work-runtime:2.7.0] AndroidManifest.xml:44:13-72
216            android:exported="false" />
216-->[androidx.work:work-runtime:2.7.0] AndroidManifest.xml:45:13-37
217        <service
217-->[androidx.work:work-runtime:2.7.0] AndroidManifest.xml:47:9-53:35
218            android:name="androidx.work.impl.background.systemjob.SystemJobService"
218-->[androidx.work:work-runtime:2.7.0] AndroidManifest.xml:48:13-84
219            android:directBootAware="false"
219-->[androidx.work:work-runtime:2.7.0] AndroidManifest.xml:49:13-44
220            android:enabled="@bool/enable_system_job_service_default"
220-->[androidx.work:work-runtime:2.7.0] AndroidManifest.xml:50:13-70
221            android:exported="true"
221-->[androidx.work:work-runtime:2.7.0] AndroidManifest.xml:51:13-36
222            android:permission="android.permission.BIND_JOB_SERVICE" />
222-->[androidx.work:work-runtime:2.7.0] AndroidManifest.xml:52:13-69
223        <service
223-->[androidx.work:work-runtime:2.7.0] AndroidManifest.xml:54:9-59:35
224            android:name="androidx.work.impl.foreground.SystemForegroundService"
224-->[androidx.work:work-runtime:2.7.0] AndroidManifest.xml:55:13-81
225            android:directBootAware="false"
225-->[androidx.work:work-runtime:2.7.0] AndroidManifest.xml:56:13-44
226            android:enabled="@bool/enable_system_foreground_service_default"
226-->[androidx.work:work-runtime:2.7.0] AndroidManifest.xml:57:13-77
227            android:exported="false" />
227-->[androidx.work:work-runtime:2.7.0] AndroidManifest.xml:58:13-37
228
229        <receiver
229-->[androidx.work:work-runtime:2.7.0] AndroidManifest.xml:61:9-66:35
230            android:name="androidx.work.impl.utils.ForceStopRunnable$BroadcastReceiver"
230-->[androidx.work:work-runtime:2.7.0] AndroidManifest.xml:62:13-88
231            android:directBootAware="false"
231-->[androidx.work:work-runtime:2.7.0] AndroidManifest.xml:63:13-44
232            android:enabled="true"
232-->[androidx.work:work-runtime:2.7.0] AndroidManifest.xml:64:13-35
233            android:exported="false" />
233-->[androidx.work:work-runtime:2.7.0] AndroidManifest.xml:65:13-37
234        <receiver
234-->[androidx.work:work-runtime:2.7.0] AndroidManifest.xml:67:9-77:20
235            android:name="androidx.work.impl.background.systemalarm.ConstraintProxy$BatteryChargingProxy"
235-->[androidx.work:work-runtime:2.7.0] AndroidManifest.xml:68:13-106
236            android:directBootAware="false"
236-->[androidx.work:work-runtime:2.7.0] AndroidManifest.xml:69:13-44
237            android:enabled="false"
237-->[androidx.work:work-runtime:2.7.0] AndroidManifest.xml:70:13-36
238            android:exported="false" >
238-->[androidx.work:work-runtime:2.7.0] AndroidManifest.xml:71:13-37
239            <intent-filter>
239-->[androidx.work:work-runtime:2.7.0] AndroidManifest.xml:73:13-76:29
240                <action android:name="android.intent.action.ACTION_POWER_CONNECTED" />
240-->[androidx.work:work-runtime:2.7.0] AndroidManifest.xml:74:17-87
240-->[androidx.work:work-runtime:2.7.0] AndroidManifest.xml:74:25-84
241                <action android:name="android.intent.action.ACTION_POWER_DISCONNECTED" />
241-->[androidx.work:work-runtime:2.7.0] AndroidManifest.xml:75:17-90
241-->[androidx.work:work-runtime:2.7.0] AndroidManifest.xml:75:25-87
242            </intent-filter>
243        </receiver>
244        <receiver
244-->[androidx.work:work-runtime:2.7.0] AndroidManifest.xml:78:9-88:20
245            android:name="androidx.work.impl.background.systemalarm.ConstraintProxy$BatteryNotLowProxy"
245-->[androidx.work:work-runtime:2.7.0] AndroidManifest.xml:79:13-104
246            android:directBootAware="false"
246-->[androidx.work:work-runtime:2.7.0] AndroidManifest.xml:80:13-44
247            android:enabled="false"
247-->[androidx.work:work-runtime:2.7.0] AndroidManifest.xml:81:13-36
248            android:exported="false" >
248-->[androidx.work:work-runtime:2.7.0] AndroidManifest.xml:82:13-37
249            <intent-filter>
249-->[androidx.work:work-runtime:2.7.0] AndroidManifest.xml:84:13-87:29
250                <action android:name="android.intent.action.BATTERY_OKAY" />
250-->[androidx.work:work-runtime:2.7.0] AndroidManifest.xml:85:17-77
250-->[androidx.work:work-runtime:2.7.0] AndroidManifest.xml:85:25-74
251                <action android:name="android.intent.action.BATTERY_LOW" />
251-->[androidx.work:work-runtime:2.7.0] AndroidManifest.xml:86:17-76
251-->[androidx.work:work-runtime:2.7.0] AndroidManifest.xml:86:25-73
252            </intent-filter>
253        </receiver>
254        <receiver
254-->[androidx.work:work-runtime:2.7.0] AndroidManifest.xml:89:9-99:20
255            android:name="androidx.work.impl.background.systemalarm.ConstraintProxy$StorageNotLowProxy"
255-->[androidx.work:work-runtime:2.7.0] AndroidManifest.xml:90:13-104
256            android:directBootAware="false"
256-->[androidx.work:work-runtime:2.7.0] AndroidManifest.xml:91:13-44
257            android:enabled="false"
257-->[androidx.work:work-runtime:2.7.0] AndroidManifest.xml:92:13-36
258            android:exported="false" >
258-->[androidx.work:work-runtime:2.7.0] AndroidManifest.xml:93:13-37
259            <intent-filter>
259-->[androidx.work:work-runtime:2.7.0] AndroidManifest.xml:95:13-98:29
260                <action android:name="android.intent.action.DEVICE_STORAGE_LOW" />
260-->[androidx.work:work-runtime:2.7.0] AndroidManifest.xml:96:17-83
260-->[androidx.work:work-runtime:2.7.0] AndroidManifest.xml:96:25-80
261                <action android:name="android.intent.action.DEVICE_STORAGE_OK" />
261-->[androidx.work:work-runtime:2.7.0] AndroidManifest.xml:97:17-82
261-->[androidx.work:work-runtime:2.7.0] AndroidManifest.xml:97:25-79
262            </intent-filter>
263        </receiver>
264        <receiver
264-->[androidx.work:work-runtime:2.7.0] AndroidManifest.xml:100:9-109:20
265            android:name="androidx.work.impl.background.systemalarm.ConstraintProxy$NetworkStateProxy"
265-->[androidx.work:work-runtime:2.7.0] AndroidManifest.xml:101:13-103
266            android:directBootAware="false"
266-->[androidx.work:work-runtime:2.7.0] AndroidManifest.xml:102:13-44
267            android:enabled="false"
267-->[androidx.work:work-runtime:2.7.0] AndroidManifest.xml:103:13-36
268            android:exported="false" >
268-->[androidx.work:work-runtime:2.7.0] AndroidManifest.xml:104:13-37
269            <intent-filter>
269-->[androidx.work:work-runtime:2.7.0] AndroidManifest.xml:106:13-108:29
270                <action android:name="android.net.conn.CONNECTIVITY_CHANGE" />
270-->[androidx.work:work-runtime:2.7.0] AndroidManifest.xml:107:17-79
270-->[androidx.work:work-runtime:2.7.0] AndroidManifest.xml:107:25-76
271            </intent-filter>
272        </receiver>
273        <receiver
273-->[androidx.work:work-runtime:2.7.0] AndroidManifest.xml:110:9-121:20
274            android:name="androidx.work.impl.background.systemalarm.RescheduleReceiver"
274-->[androidx.work:work-runtime:2.7.0] AndroidManifest.xml:111:13-88
275            android:directBootAware="false"